<?xml version="1.0" encoding="UTF-8"?>
<!-- Generated by org.testng.reporters.JUnitReportReporter -->
<testsuite hostname="Sangeetha" failures="0" tests="5" name="executePageClasses.LoginPageTestClass" time="12.561" errors="0" timestamp="2023-06-26T18:03:37 IST" skipped="0">
  <testcase classname="executePageClasses.LoginPageTestClass" name="verifyUnSuccessfulLogin" time="3.399"/>
  <system-out/>
  <testcase classname="executePageClasses.LoginPageTestClass" name="verifyUnSuccessfulLogin" time="2.222"/>
  <system-out/>
  <testcase classname="executePageClasses.LoginPageTestClass" name="verifySuccessfulLogin" time="2.546"/>
  <system-out/>
  <testcase classname="executePageClasses.LoginPageTestClass" name="verifyRememberMeCheckBoxIsSelectedByDefaultOrNot" time="2.051"/>
  <system-out/>
  <testcase classname="executePageClasses.LoginPageTestClass" name="verifyUnSuccessfulLogin" time="2.343"/>
  <system-out/>
</testsuite> <!-- executePageClasses.LoginPageTestClass -->
